<?xml version="1.0" encoding="UTF-8"?>
<testsuites name="Estimate" time="375" tests="0" failures="1" errors="0">
   <testsuite name="Estimate" tests="0" failures="1" errors="0" time="375" timestamp="2018-08-28 10:16:12" hostname="ranjs1 - L23967WIN.rpega.com" id="Test Suites/Estimate">
      <properties>
         <property name="deviceName" value=""/>
         <property name="devicePlatform" value=""/>
         <property name="logFolder" value="C:\\Users\\ranjs1\\git\\DAKatUIRegressionVer2\\Reports\\Estimate\\20180828_101608"/>
         <property name="logFiles" value="C:\\Users\\ranjs1\\git\\DAKatUIRegressionVer2\\Reports\\Estimate\\20180828_101608\\execution0.log"/>
         <property name="attachments" value="C:\\Users\\ranjs1\\git\\DAKatUIRegressionVer2\\Reports\\Estimate\\20180828_101608\\1535431943101.png"/>
         <property name="hostName" value="ranjs1 - L23967WIN.rpega.com"/>
         <property name="os" value="Windows 10 64bit"/>
         <property name="katalonVersion" value="5.4.2.1"/>
         <property name="browser" value="Chrome 68.0.3440.106"/>
         <property name="hostAddress" value="10.150.105.60"/>
         <property name="sessionId" value="1548005687cd1c0eed63df180ab98e9c"/>
         <property name="seleniumVersion" value="3.7.1"/>
         <property name="proxyInformation" value="ProxyInformation{proxyOption=NO_PROXY, proxyServerType=HTTP, password=, proxyServerAddress=, proxyServerPort=0}"/>
         <property name="platform" value="Windows 10"/>
      </properties>
      <testcase name="Test Cases/BEP/TestCases/TC_CreateBEP_EmailOutput_SendEmail_CreateECR" classname="Test Cases/BEP/TestCases/TC_CreateBEP_EmailOutput_SendEmail_CreateECR" status="FAILED">
         <failure type="FAILED" message="Unable to set text 'Software Testing' of object 'Object Repository/BEP/Generic/BEP_CASENOTES' (Root cause: org.openqa.selenium.StaleElementReferenceException: stale element reference: element is not attached to the page document
  (Session info: chrome=68.0.3440.106)
  (Driver info: chromedriver=2.37.543627 (63642262d9fb93fb4ab52398be4286d844092a5e),platform=Windows NT 10.0.16299 x86_64) (WARNING: The server did not provide any stacktrace information)
Command duration or timeout: 0 milliseconds
For documentation on this error, please visit: http://seleniumhq.org/exceptions/stale_element_reference.html
Build info: version: '3.7.1', revision: '8a0099a', time: '2017-11-06T21:07:36.161Z'
System info: host: 'L23967WIN', ip: '10.150.105.60', os.name: 'Windows 10', os.arch: 'amd64', os.version: '10.0', java.version: '1.8.0_102'
Driver info: com.kms.katalon.selenium.driver.CChromeDriver
Capabilities {acceptInsecureCerts: false, acceptSslCerts: false, applicationCacheEnabled: false, browserConnectionEnabled: false, browserName: chrome, chrome: {chromedriverVersion: 2.37.543627 (63642262d9fb93..., userDataDir: C:\Users\ranjs1\AppData\Loc...}, cssSelectorsEnabled: true, databaseEnabled: false, handlesAlerts: true, hasTouchScreen: false, javascriptEnabled: true, locationContextEnabled: true, mobileEmulationEnabled: false, nativeEvents: true, networkConnectionEnabled: false, pageLoadStrategy: normal, platform: XP, platformName: XP, rotatable: false, setWindowRect: true, takesHeapSnapshot: true, takesScreenshot: true, unexpectedAlertBehaviour: , unhandledPromptBehavior: , version: 68.0.3440.106, webStorageEnabled: true}
Session ID: 1548005687cd1c0eed63df180ab98e9c)"/>
         <system-out><![CDATA[2018-08-28 10:16:13 - [TEST_CASE][FAILED] - Test Cases/BEP/TestCases/TC_CreateBEP_EmailOutput_SendEmail_CreateECR: Test Cases/BEP/TestCases/TC_CreateBEP_EmailOutput_SendEmail_CreateECR FAILED because (of) Unable to set text 'Software Testing' of object 'Object Repository/BEP/Generic/BEP_CASENOTES' (Root cause: org.openqa.selenium.StaleElementReferenceException: stale element reference: element is not attached to the page document
  (Session info: chrome=68.0.3440.106)
  (Driver info: chromedriver=2.37.543627 (63642262d9fb93fb4ab52398be4286d844092a5e),platform=Windows NT 10.0.16299 x86_64) (WARNING: The server did not provide any stacktrace information)
Command duration or timeout: 0 milliseconds
For documentation on this error, please visit: http://seleniumhq.org/exceptions/stale_element_reference.html
Build info: version: '3.7.1', revision: '8a0099a', time: '2017-11-06T21:07:36.161Z'
System info: host: 'L23967WIN', ip: '10.150.105.60', os.name: 'Windows 10', os.arch: 'amd64', os.version: '10.0', java.version: '1.8.0_102'
Driver info: com.kms.katalon.selenium.driver.CChromeDriver
Capabilities {acceptInsecureCerts: false, acceptSslCerts: false, applicationCacheEnabled: false, browserConnectionEnabled: false, browserName: chrome, chrome: {chromedriverVersion: 2.37.543627 (63642262d9fb93..., userDataDir: C:\Users\ranjs1\AppData\Loc...}, cssSelectorsEnabled: true, databaseEnabled: false, handlesAlerts: true, hasTouchScreen: false, javascriptEnabled: true, locationContextEnabled: true, mobileEmulationEnabled: false, nativeEvents: true, networkConnectionEnabled: false, pageLoadStrategy: normal, platform: XP, platformName: XP, rotatable: false, setWindowRect: true, takesHeapSnapshot: true, takesScreenshot: true, unexpectedAlertBehaviour: , unhandledPromptBehavior: , version: 68.0.3440.106, webStorageEnabled: true}
Session ID: 1548005687cd1c0eed63df180ab98e9c)

2018-08-28 10:16:14 - [TEST_STEP][FAILED] - callTestCase: Unable to call Test Case with id 'Test Cases/BEP/Create_Approve_Reject/Create_BEP_EmailOutput' (Root cause: Call Test Case 'Test Cases/BEP/Create_Approve_Reject/Create_BEP_EmailOutput' failed)

2018-08-28 10:16:14 - [TEST_CASE][FAILED] - Test Cases/BEP/Create_Approve_Reject/Create_BEP_EmailOutput: Test Cases/BEP/Create_Approve_Reject/Create_BEP_EmailOutput FAILED because (of) Unable to set text 'Software Testing' of object 'Object Repository/BEP/Generic/BEP_CASENOTES' (Root cause: org.openqa.selenium.StaleElementReferenceException: stale element reference: element is not attached to the page document
  (Session info: chrome=68.0.3440.106)
  (Driver info: chromedriver=2.37.543627 (63642262d9fb93fb4ab52398be4286d844092a5e),platform=Windows NT 10.0.16299 x86_64) (WARNING: The server did not provide any stacktrace information)
Command duration or timeout: 0 milliseconds
For documentation on this error, please visit: http://seleniumhq.org/exceptions/stale_element_reference.html
Build info: version: '3.7.1', revision: '8a0099a', time: '2017-11-06T21:07:36.161Z'
System info: host: 'L23967WIN', ip: '10.150.105.60', os.name: 'Windows 10', os.arch: 'amd64', os.version: '10.0', java.version: '1.8.0_102'
Driver info: com.kms.katalon.selenium.driver.CChromeDriver
Capabilities {acceptInsecureCerts: false, acceptSslCerts: false, applicationCacheEnabled: false, browserConnectionEnabled: false, browserName: chrome, chrome: {chromedriverVersion: 2.37.543627 (63642262d9fb93..., userDataDir: C:\Users\ranjs1\AppData\Loc...}, cssSelectorsEnabled: true, databaseEnabled: false, handlesAlerts: true, hasTouchScreen: false, javascriptEnabled: true, locationContextEnabled: true, mobileEmulationEnabled: false, nativeEvents: true, networkConnectionEnabled: false, pageLoadStrategy: normal, platform: XP, platformName: XP, rotatable: false, setWindowRect: true, takesHeapSnapshot: true, takesScreenshot: true, unexpectedAlertBehaviour: , unhandledPromptBehavior: , version: 68.0.3440.106, webStorageEnabled: true}
Session ID: 1548005687cd1c0eed63df180ab98e9c)

2018-08-28 10:16:15 - [TEST_STEP][PASSED] - com.da.commonutilities.login: com.da.commonutilities.login is PASSED

2018-08-28 10:16:22 - [MESSAGE][PASSED] - Browser is opened with url: ''

2018-08-28 10:16:25 - [MESSAGE][PASSED] - Navigate to 'https://vdaqa.rpega.com:9030/daqa/PRServlet' successfully

2018-08-28 10:16:30 - [MESSAGE][PASSED] - Text 'hendj@pegasystems.com' is set on object 'Object Repository/Generic/input_UserIdentifier'

2018-08-28 10:16:34 - [MESSAGE][PASSED] - Text 'install' is set on object 'Object Repository/Generic/input_Password'

2018-08-28 10:16:42 - [MESSAGE][PASSED] - Keys 'ENTER + ' sent to object: 'Object Repository/Generic/input_Password'

2018-08-28 10:16:42 - [MESSAGE][PASSED] - com.da.commonutilities.login is PASSED

2018-08-28 10:16:42 - [TEST_STEP][FAILED] - com.da.BEP.Estimate: Unable to set text 'Software Testing' of object 'Object Repository/BEP/Generic/BEP_CASENOTES' (Root cause: org.openqa.selenium.StaleElementReferenceException: stale element reference: element is not attached to the page document
  (Session info: chrome=68.0.3440.106)
  (Driver info: chromedriver=2.37.543627 (63642262d9fb93fb4ab52398be4286d844092a5e),platform=Windows NT 10.0.16299 x86_64) (WARNING: The server did not provide any stacktrace information)
Command duration or timeout: 0 milliseconds
For documentation on this error, please visit: http://seleniumhq.org/exceptions/stale_element_reference.html
Build info: version: '3.7.1', revision: '8a0099a', time: '2017-11-06T21:07:36.161Z'
System info: host: 'L23967WIN', ip: '10.150.105.60', os.name: 'Windows 10', os.arch: 'amd64', os.version: '10.0', java.version: '1.8.0_102'
Driver info: com.kms.katalon.selenium.driver.CChromeDriver
Capabilities {acceptInsecureCerts: false, acceptSslCerts: false, applicationCacheEnabled: false, browserConnectionEnabled: false, browserName: chrome, chrome: {chromedriverVersion: 2.37.543627 (63642262d9fb93..., userDataDir: C:\Users\ranjs1\AppData\Loc...}, cssSelectorsEnabled: true, databaseEnabled: false, handlesAlerts: true, hasTouchScreen: false, javascriptEnabled: true, locationContextEnabled: true, mobileEmulationEnabled: false, nativeEvents: true, networkConnectionEnabled: false, pageLoadStrategy: normal, platform: XP, platformName: XP, rotatable: false, setWindowRect: true, takesHeapSnapshot: true, takesScreenshot: true, unexpectedAlertBehaviour: , unhandledPromptBehavior: , version: 68.0.3440.106, webStorageEnabled: true}
Session ID: 1548005687cd1c0eed63df180ab98e9c)

2018-08-28 10:16:45 - [MESSAGE][PASSED] - Current window maximized

2018-08-28 10:16:47 - [MESSAGE][PASSED] - Delayed 2 second(s)

2018-08-28 10:16:49 - [MESSAGE][PASSED] - Object: 'Object Repository/Generic/New' is clicked on

2018-08-28 10:16:53 - [MESSAGE][PASSED] - Delayed 4 second(s)

2018-08-28 10:16:55 - [MESSAGE][PASSED] - Object: 'Object Repository/BEP/Generic/EstimateLink' is clicked on

2018-08-28 10:16:59 - [MESSAGE][PASSED] - Delayed 4 second(s)

2018-08-28 10:17:01 - [MESSAGE][PASSED] - Object: 'Object Repository/ECR/Generic/WOTAB' is clicked on

2018-08-28 10:17:02 - [MESSAGE][PASSED] - Wait for page load successfully

2018-08-28 10:17:09 - [MESSAGE][PASSED] - Delayed 5 second(s)

2018-08-28 10:17:42 - [MESSAGE][WARNING] - Object 'Object Repository/BEP/Generic/import' is not visible after 30 second(s)

2018-08-28 10:17:49 - [MESSAGE][PASSED] - Delayed 5 second(s)

2018-08-28 10:17:51 - [MESSAGE][PASSED] - File 'C:\Users\ranjs1\git\DAKatUIRegressionVer2\Data Files\BEP\Estimate.xlsm' sent to object: 'Object Repository/Generic/FilePath'

2018-08-28 10:17:56 - [MESSAGE][PASSED] - Delayed 5 second(s)

2018-08-28 10:17:58 - [MESSAGE][PASSED] - Object: 'Object Repository/Generic/button_Submit' is clicked on

2018-08-28 10:18:08 - [MESSAGE][PASSED] - Delayed 10 second(s)

2018-08-28 10:18:13 - [MESSAGE][PASSED] - Text 'BOFA' is set on object 'Object Repository/Generic/ORG'

2018-08-28 10:18:20 - [MESSAGE][PASSED] - Delayed 7 second(s)

2018-08-28 10:18:22 - [MESSAGE][PASSED] - Keys 'TAB + ' sent to object: 'Object Repository/Generic/ORG'

2018-08-28 10:18:29 - [MESSAGE][PASSED] - Delayed 7 second(s)

2018-08-28 10:18:33 - [MESSAGE][PASSED] - Text 'BOFA' is set on object 'Object Repository/Generic/ACC'

2018-08-28 10:18:40 - [MESSAGE][PASSED] - Delayed 7 second(s)

2018-08-28 10:18:42 - [MESSAGE][PASSED] - Keys 'TAB + ' sent to object: 'Object Repository/Generic/ACC'

2018-08-28 10:18:47 - [MESSAGE][PASSED] - Delayed 5 second(s)

2018-08-28 10:18:51 - [MESSAGE][PASSED] - Text 'The engagement you entered doesn't match' is present on page 

2018-08-28 10:18:56 - [MESSAGE][PASSED] - Text 'AUTOTEST1' is set on object 'Object Repository/Generic/ENG_DESC'

2018-08-28 10:19:01 - [MESSAGE][PASSED] - Delayed 5 second(s)

2018-08-28 10:19:08 - [MESSAGE][PASSED] - Delayed 5 second(s)

2018-08-28 10:19:16 - [MESSAGE][PASSED] - All options with value 'PRD-409' are selected in object 'Object Repository/Generic/PlatformID' 

2018-08-28 10:19:21 - [MESSAGE][PASSED] - Delayed 5 second(s)

2018-08-28 10:19:29 - [MESSAGE][PASSED] - All options with value 'RLS-3176' are selected in object 'Object Repository/Generic/PlatformVersion' 

2018-08-28 10:19:34 - [MESSAGE][PASSED] - Delayed 5 second(s)

2018-08-28 10:19:37 - [MESSAGE][PASSED] - Object: 'Object Repository/Generic/PlatformTrue' is clicked on

2018-08-28 10:19:42 - [MESSAGE][PASSED] - Delayed 5 second(s)

2018-08-28 10:19:49 - [MESSAGE][PASSED] - All options with value 'hendj@pegasystems.com' are selected in object 'Object Repository/ECR/EngInfo/PL' 

2018-08-28 10:19:54 - [MESSAGE][PASSED] - Delayed 5 second(s)

2018-08-28 10:19:58 - [MESSAGE][PASSED] - Text 'PL Team Leader' is present on page 

2018-08-28 10:20:05 - [MESSAGE][PASSED] - All options with value 'higgr@pegasystems.com' are selected in object 'Object Repository/ECR/EngInfo/PLTL' 

2018-08-28 10:20:10 - [MESSAGE][PASSED] - Delayed 5 second(s)

2018-08-28 10:20:19 - [MESSAGE][PASSED] - All options with value 'waink@pegasystems.com' are selected in object 'Object Repository/ECR/EngInfo/RD' 

2018-08-28 10:20:24 - [MESSAGE][PASSED] - Delayed 5 second(s)

2018-08-28 10:20:31 - [MESSAGE][PASSED] - All options with value 'panee@pegasystems.com' are selected in object 'Object Repository/ECR/EngInfo/RL' 

2018-08-28 10:20:36 - [MESSAGE][PASSED] - Delayed 5 second(s)

2018-08-28 10:20:38 - [MESSAGE][PASSED] - Scroll to object 'Object Repository/Generic/NEXT_BUTTON' successfully

2018-08-28 10:20:40 - [MESSAGE][PASSED] - Object: 'Object Repository/Generic/NEXT_BUTTON' is clicked on

2018-08-28 10:20:45 - [MESSAGE][PASSED] - Delayed 5 second(s)

2018-08-28 10:20:46 - [MESSAGE][PASSED] - Wait for page load successfully

2018-08-28 10:20:48 - [MESSAGE][PASSED] - Delayed 2 second(s)

2018-08-28 10:20:51 - [MESSAGE][PASSED] - Text of object 'Object Repository/BEP/Generic/DurationLow' is cleared

2018-08-28 10:20:53 - [MESSAGE][PASSED] - Delayed 2 second(s)

2018-08-28 10:20:57 - [MESSAGE][PASSED] - Text '15' is set on object 'Object Repository/BEP/Generic/DurationLow'

2018-08-28 10:20:59 - [MESSAGE][PASSED] - Delayed 2 second(s)

2018-08-28 10:21:01 - [MESSAGE][PASSED] - Text of object 'Object Repository/BEP/Generic/DurationHigh' is cleared

2018-08-28 10:21:03 - [MESSAGE][PASSED] - Delayed 2 second(s)

2018-08-28 10:21:07 - [MESSAGE][PASSED] - Text '15' is set on object 'Object Repository/BEP/Generic/DurationHigh'

2018-08-28 10:21:09 - [MESSAGE][PASSED] - Delayed 2 second(s)

2018-08-28 10:21:11 - [MESSAGE][PASSED] - Text of object 'Object Repository/BEP/Generic/PartnerHoursLow' is cleared

2018-08-28 10:21:13 - [MESSAGE][PASSED] - Delayed 2 second(s)

2018-08-28 10:21:17 - [MESSAGE][PASSED] - Text '15' is set on object 'Object Repository/BEP/Generic/PartnerHoursLow'

2018-08-28 10:21:19 - [MESSAGE][PASSED] - Delayed 2 second(s)

2018-08-28 10:21:22 - [MESSAGE][PASSED] - Text of object 'Object Repository/BEP/Generic/PartnerHoursHigh' is cleared

2018-08-28 10:21:24 - [MESSAGE][PASSED] - Delayed 2 second(s)

2018-08-28 10:21:28 - [MESSAGE][PASSED] - Text '15' is set on object 'Object Repository/BEP/Generic/PartnerHoursHigh'

2018-08-28 10:21:30 - [MESSAGE][PASSED] - Delayed 2 second(s)

2018-08-28 10:21:32 - [MESSAGE][PASSED] - Object: 'Object Repository/BEP/Generic/EstimationMethod' is clicked on

2018-08-28 10:21:37 - [MESSAGE][PASSED] - Delayed 5 second(s)

2018-08-28 10:21:40 - [MESSAGE][PASSED] - Keys 'BSW' sent to object: 'Object Repository/BEP/Generic/EstimationMethod'

2018-08-28 10:21:45 - [MESSAGE][PASSED] - Delayed 5 second(s)

2018-08-28 10:21:47 - [MESSAGE][PASSED] - Scroll to object 'Object Repository/Generic/NEXT_BUTTON' successfully

2018-08-28 10:21:49 - [MESSAGE][PASSED] - Object: 'Object Repository/Generic/NEXT_BUTTON' is clicked on

2018-08-28 10:21:54 - [MESSAGE][PASSED] - Delayed 5 second(s)

2018-08-28 10:21:56 - [MESSAGE][PASSED] - Object: 'Object Repository/BEP/Generic/BEPOutputEmail' is clicked on

2018-08-28 10:21:58 - [MESSAGE][PASSED] - Delayed 2 second(s)

2018-08-28 10:22:01 - [MESSAGE][PASSED] - Object: 'Object Repository/BEP/Generic/RECEIPIENT' is clicked on

2018-08-28 10:22:03 - [MESSAGE][PASSED] - Delayed 2 second(s)

2018-08-28 10:22:05 - [MESSAGE][PASSED] - Object: 'Object Repository/BEP/Generic/AddEmailID' is clicked on

2018-08-28 10:22:07 - [MESSAGE][PASSED] - Delayed 2 second(s)

2018-08-28 10:22:09 - [MESSAGE][PASSED] - Keys 'nagaveni.nipinale@in.pega.com' sent to object: 'Object Repository/BEP/Generic/MAILID_XPATH'

2018-08-28 10:22:11 - [MESSAGE][PASSED] - Delayed 2 second(s)

2018-08-28 10:22:14 - [MESSAGE][PASSED] - Object: 'Object Repository/BEP/Generic/modal_submit' is clicked on

2018-08-28 10:22:16 - [MESSAGE][PASSED] - Delayed 2 second(s)

2018-08-28 10:22:18 - [MESSAGE][PASSED] - Keys 'Test Automation' sent to object: 'Object Repository/BEP/Generic/Email_Subject'

2018-08-28 10:22:25 - [MESSAGE][FAILED] - Unable to set text 'Software Testing' of object 'Object Repository/BEP/Generic/BEP_CASENOTES' (Root cause: org.openqa.selenium.StaleElementReferenceException: stale element reference: element is not attached to the page document
  (Session info: chrome=68.0.3440.106)
  (Driver info: chromedriver=2.37.543627 (63642262d9fb93fb4ab52398be4286d844092a5e),platform=Windows NT 10.0.16299 x86_64) (WARNING: The server did not provide any stacktrace information)
Command duration or timeout: 0 milliseconds
For documentation on this error, please visit: http://seleniumhq.org/exceptions/stale_element_reference.html
Build info: version: '3.7.1', revision: '8a0099a', time: '2017-11-06T21:07:36.161Z'
System info: host: 'L23967WIN', ip: '10.150.105.60', os.name: 'Windows 10', os.arch: 'amd64', os.version: '10.0', java.version: '1.8.0_102'
Driver info: com.kms.katalon.selenium.driver.CChromeDriver
Capabilities {acceptInsecureCerts: false, acceptSslCerts: false, applicationCacheEnabled: false, browserConnectionEnabled: false, browserName: chrome, chrome: {chromedriverVersion: 2.37.543627 (63642262d9fb93..., userDataDir: C:\Users\ranjs1\AppData\Loc...}, cssSelectorsEnabled: true, databaseEnabled: false, handlesAlerts: true, hasTouchScreen: false, javascriptEnabled: true, locationContextEnabled: true, mobileEmulationEnabled: false, nativeEvents: true, networkConnectionEnabled: false, pageLoadStrategy: normal, platform: XP, platformName: XP, rotatable: false, setWindowRect: true, takesHeapSnapshot: true, takesScreenshot: true, unexpectedAlertBehaviour: , unhandledPromptBehavior: , version: 68.0.3440.106, webStorageEnabled: true}
Session ID: 1548005687cd1c0eed63df180ab98e9c)
[[ATTACHMENT|C:\\Users\\ranjs1\\git\\DAKatUIRegressionVer2\\Reports\\Estimate\\20180828_101608\\1535431943101.png]]

2018-08-28 10:22:25 - [MESSAGE][FAILED] - Unable to set text 'Software Testing' of object 'Object Repository/BEP/Generic/BEP_CASENOTES' (Root cause: org.openqa.selenium.StaleElementReferenceException: stale element reference: element is not attached to the page document
  (Session info: chrome=68.0.3440.106)
  (Driver info: chromedriver=2.37.543627 (63642262d9fb93fb4ab52398be4286d844092a5e),platform=Windows NT 10.0.16299 x86_64) (WARNING: The server did not provide any stacktrace information)
Command duration or timeout: 0 milliseconds
For documentation on this error, please visit: http://seleniumhq.org/exceptions/stale_element_reference.html
Build info: version: '3.7.1', revision: '8a0099a', time: '2017-11-06T21:07:36.161Z'
System info: host: 'L23967WIN', ip: '10.150.105.60', os.name: 'Windows 10', os.arch: 'amd64', os.version: '10.0', java.version: '1.8.0_102'
Driver info: com.kms.katalon.selenium.driver.CChromeDriver
Capabilities {acceptInsecureCerts: false, acceptSslCerts: false, applicationCacheEnabled: false, browserConnectionEnabled: false, browserName: chrome, chrome: {chromedriverVersion: 2.37.543627 (63642262d9fb93..., userDataDir: C:\Users\ranjs1\AppData\Loc...}, cssSelectorsEnabled: true, databaseEnabled: false, handlesAlerts: true, hasTouchScreen: false, javascriptEnabled: true, locationContextEnabled: true, mobileEmulationEnabled: false, nativeEvents: true, networkConnectionEnabled: false, pageLoadStrategy: normal, platform: XP, platformName: XP, rotatable: false, setWindowRect: true, takesHeapSnapshot: true, takesScreenshot: true, unexpectedAlertBehaviour: , unhandledPromptBehavior: , version: 68.0.3440.106, webStorageEnabled: true}
Session ID: 1548005687cd1c0eed63df180ab98e9c)

2018-08-28 10:22:25 - [MESSAGE][FAILED] - Unable to call Test Case with id 'Test Cases/BEP/Create_Approve_Reject/Create_BEP_EmailOutput' (Root cause: Call Test Case 'Test Cases/BEP/Create_Approve_Reject/Create_BEP_EmailOutput' failed)]]></system-out>
         <system-err><![CDATA[2018-08-28 10:16:13 - [TEST_CASE][FAILED] - Test Cases/BEP/TestCases/TC_CreateBEP_EmailOutput_SendEmail_CreateECR: Test Cases/BEP/TestCases/TC_CreateBEP_EmailOutput_SendEmail_CreateECR FAILED because (of) Unable to set text 'Software Testing' of object 'Object Repository/BEP/Generic/BEP_CASENOTES' (Root cause: org.openqa.selenium.StaleElementReferenceException: stale element reference: element is not attached to the page document
  (Session info: chrome=68.0.3440.106)
  (Driver info: chromedriver=2.37.543627 (63642262d9fb93fb4ab52398be4286d844092a5e),platform=Windows NT 10.0.16299 x86_64) (WARNING: The server did not provide any stacktrace information)
Command duration or timeout: 0 milliseconds
For documentation on this error, please visit: http://seleniumhq.org/exceptions/stale_element_reference.html
Build info: version: '3.7.1', revision: '8a0099a', time: '2017-11-06T21:07:36.161Z'
System info: host: 'L23967WIN', ip: '10.150.105.60', os.name: 'Windows 10', os.arch: 'amd64', os.version: '10.0', java.version: '1.8.0_102'
Driver info: com.kms.katalon.selenium.driver.CChromeDriver
Capabilities {acceptInsecureCerts: false, acceptSslCerts: false, applicationCacheEnabled: false, browserConnectionEnabled: false, browserName: chrome, chrome: {chromedriverVersion: 2.37.543627 (63642262d9fb93..., userDataDir: C:\Users\ranjs1\AppData\Loc...}, cssSelectorsEnabled: true, databaseEnabled: false, handlesAlerts: true, hasTouchScreen: false, javascriptEnabled: true, locationContextEnabled: true, mobileEmulationEnabled: false, nativeEvents: true, networkConnectionEnabled: false, pageLoadStrategy: normal, platform: XP, platformName: XP, rotatable: false, setWindowRect: true, takesHeapSnapshot: true, takesScreenshot: true, unexpectedAlertBehaviour: , unhandledPromptBehavior: , version: 68.0.3440.106, webStorageEnabled: true}
Session ID: 1548005687cd1c0eed63df180ab98e9c)]]></system-err>
      </testcase>
      <system-out><![CDATA[2018-08-28 10:16:12 - [TEST_SUITE][FAILED] - Estimate: Test Cases/BEP/TestCases/TC_CreateBEP_EmailOutput_SendEmail_CreateECR FAILED because (of) Unable to set text 'Software Testing' of object 'Object Repository/BEP/Generic/BEP_CASENOTES' (Root cause: org.openqa.selenium.StaleElementReferenceException: stale element reference: element is not attached to the page document
  (Session info: chrome=68.0.3440.106)
  (Driver info: chromedriver=2.37.543627 (63642262d9fb93fb4ab52398be4286d844092a5e),platform=Windows NT 10.0.16299 x86_64) (WARNING: The server did not provide any stacktrace information)
Command duration or timeout: 0 milliseconds
For documentation on this error, please visit: http://seleniumhq.org/exceptions/stale_element_reference.html
Build info: version: '3.7.1', revision: '8a0099a', time: '2017-11-06T21:07:36.161Z'
System info: host: 'L23967WIN', ip: '10.150.105.60', os.name: 'Windows 10', os.arch: 'amd64', os.version: '10.0', java.version: '1.8.0_102'
Driver info: com.kms.katalon.selenium.driver.CChromeDriver
Capabilities {acceptInsecureCerts: false, acceptSslCerts: false, applicationCacheEnabled: false, browserConnectionEnabled: false, browserName: chrome, chrome: {chromedriverVersion: 2.37.543627 (63642262d9fb93..., userDataDir: C:\Users\ranjs1\AppData\Loc...}, cssSelectorsEnabled: true, databaseEnabled: false, handlesAlerts: true, hasTouchScreen: false, javascriptEnabled: true, locationContextEnabled: true, mobileEmulationEnabled: false, nativeEvents: true, networkConnectionEnabled: false, pageLoadStrategy: normal, platform: XP, platformName: XP, rotatable: false, setWindowRect: true, takesHeapSnapshot: true, takesScreenshot: true, unexpectedAlertBehaviour: , unhandledPromptBehavior: , version: 68.0.3440.106, webStorageEnabled: true}
Session ID: 1548005687cd1c0eed63df180ab98e9c)]]></system-out>
      <system-err><![CDATA[2018-08-28 10:16:12 - [TEST_SUITE][FAILED] - Estimate: Test Cases/BEP/TestCases/TC_CreateBEP_EmailOutput_SendEmail_CreateECR FAILED because (of) Unable to set text 'Software Testing' of object 'Object Repository/BEP/Generic/BEP_CASENOTES' (Root cause: org.openqa.selenium.StaleElementReferenceException: stale element reference: element is not attached to the page document
  (Session info: chrome=68.0.3440.106)
  (Driver info: chromedriver=2.37.543627 (63642262d9fb93fb4ab52398be4286d844092a5e),platform=Windows NT 10.0.16299 x86_64) (WARNING: The server did not provide any stacktrace information)
Command duration or timeout: 0 milliseconds
For documentation on this error, please visit: http://seleniumhq.org/exceptions/stale_element_reference.html
Build info: version: '3.7.1', revision: '8a0099a', time: '2017-11-06T21:07:36.161Z'
System info: host: 'L23967WIN', ip: '10.150.105.60', os.name: 'Windows 10', os.arch: 'amd64', os.version: '10.0', java.version: '1.8.0_102'
Driver info: com.kms.katalon.selenium.driver.CChromeDriver
Capabilities {acceptInsecureCerts: false, acceptSslCerts: false, applicationCacheEnabled: false, browserConnectionEnabled: false, browserName: chrome, chrome: {chromedriverVersion: 2.37.543627 (63642262d9fb93..., userDataDir: C:\Users\ranjs1\AppData\Loc...}, cssSelectorsEnabled: true, databaseEnabled: false, handlesAlerts: true, hasTouchScreen: false, javascriptEnabled: true, locationContextEnabled: true, mobileEmulationEnabled: false, nativeEvents: true, networkConnectionEnabled: false, pageLoadStrategy: normal, platform: XP, platformName: XP, rotatable: false, setWindowRect: true, takesHeapSnapshot: true, takesScreenshot: true, unexpectedAlertBehaviour: , unhandledPromptBehavior: , version: 68.0.3440.106, webStorageEnabled: true}
Session ID: 1548005687cd1c0eed63df180ab98e9c)]]></system-err>
   </testsuite>
</testsuites>
