<?xml version="1.0" encoding="UTF-8"?>
<testsuites name="Estimate" time="376" tests="0" failures="1" errors="0">
   <testsuite name="Estimate" tests="0" failures="1" errors="0" time="376" timestamp="2018-08-28 10:01:28" hostname="ranjs1 - L23967WIN.rpega.com" id="Test Suites/Estimate">
      <properties>
         <property name="deviceName" value=""/>
         <property name="devicePlatform" value=""/>
         <property name="logFolder" value="C:\\Users\\ranjs1\\git\\DAKatUIRegressionVer2\\Reports\\Estimate\\20180828_100125"/>
         <property name="logFiles" value="C:\\Users\\ranjs1\\git\\DAKatUIRegressionVer2\\Reports\\Estimate\\20180828_100125\\execution0.log"/>
         <property name="attachments" value=""/>
         <property name="hostName" value="ranjs1 - L23967WIN.rpega.com"/>
         <property name="os" value="Windows 10 64bit"/>
         <property name="katalonVersion" value="5.4.2.1"/>
         <property name="browser" value="Chrome 68.0.3440.106"/>
         <property name="hostAddress" value="10.150.105.60"/>
         <property name="sessionId" value="332f49b2863a8959ac1390d5c57a5fb3"/>
         <property name="seleniumVersion" value="3.7.1"/>
         <property name="proxyInformation" value="ProxyInformation{proxyOption=NO_PROXY, proxyServerType=HTTP, password=, proxyServerAddress=, proxyServerPort=0}"/>
         <property name="platform" value="Windows 10"/>
      </properties>
      <testcase name="Test Cases/BEP/TestCases/TC_CreateBEP_EmailOutput_SendEmail_CreateECR" classname="Test Cases/BEP/TestCases/TC_CreateBEP_EmailOutput_SendEmail_CreateECR" status="FAILED">
         <failure type="FAILED" message="Unable to select option by value 'hendj@pegasystems.com' of object 'Object Repository/ECR/EngInfo/PL'  (Root cause: org.openqa.selenium.WebDriverException: chrome not reachable
  (Session info: chrome=68.0.3440.106)
  (Driver info: chromedriver=2.37.543627 (63642262d9fb93fb4ab52398be4286d844092a5e),platform=Windows NT 10.0.16299 x86_64) (WARNING: The server did not provide any stacktrace information)
Command duration or timeout: 0 milliseconds
Build info: version: '3.7.1', revision: '8a0099a', time: '2017-11-06T21:07:36.161Z'
System info: host: 'L23967WIN', ip: '10.150.105.60', os.name: 'Windows 10', os.arch: 'amd64', os.version: '10.0', java.version: '1.8.0_102'
Driver info: com.kms.katalon.selenium.driver.CChromeDriver
Capabilities {acceptInsecureCerts: false, acceptSslCerts: false, applicationCacheEnabled: false, browserConnectionEnabled: false, browserName: chrome, chrome: {chromedriverVersion: 2.37.543627 (63642262d9fb93..., userDataDir: C:\Users\ranjs1\AppData\Loc...}, cssSelectorsEnabled: true, databaseEnabled: false, handlesAlerts: true, hasTouchScreen: false, javascriptEnabled: true, locationContextEnabled: true, mobileEmulationEnabled: false, nativeEvents: true, networkConnectionEnabled: false, pageLoadStrategy: normal, platform: XP, platformName: XP, rotatable: false, setWindowRect: true, takesHeapSnapshot: true, takesScreenshot: true, unexpectedAlertBehaviour: , unhandledPromptBehavior: , version: 68.0.3440.106, webStorageEnabled: true}
Session ID: 332f49b2863a8959ac1390d5c57a5fb3)"/>
         <system-out><![CDATA[2018-08-28 10:01:29 - [TEST_CASE][FAILED] - Test Cases/BEP/TestCases/TC_CreateBEP_EmailOutput_SendEmail_CreateECR: Test Cases/BEP/TestCases/TC_CreateBEP_EmailOutput_SendEmail_CreateECR FAILED because (of) Unable to select option by value 'hendj@pegasystems.com' of object 'Object Repository/ECR/EngInfo/PL'  (Root cause: org.openqa.selenium.WebDriverException: chrome not reachable
  (Session info: chrome=68.0.3440.106)
  (Driver info: chromedriver=2.37.543627 (63642262d9fb93fb4ab52398be4286d844092a5e),platform=Windows NT 10.0.16299 x86_64) (WARNING: The server did not provide any stacktrace information)
Command duration or timeout: 0 milliseconds
Build info: version: '3.7.1', revision: '8a0099a', time: '2017-11-06T21:07:36.161Z'
System info: host: 'L23967WIN', ip: '10.150.105.60', os.name: 'Windows 10', os.arch: 'amd64', os.version: '10.0', java.version: '1.8.0_102'
Driver info: com.kms.katalon.selenium.driver.CChromeDriver
Capabilities {acceptInsecureCerts: false, acceptSslCerts: false, applicationCacheEnabled: false, browserConnectionEnabled: false, browserName: chrome, chrome: {chromedriverVersion: 2.37.543627 (63642262d9fb93..., userDataDir: C:\Users\ranjs1\AppData\Loc...}, cssSelectorsEnabled: true, databaseEnabled: false, handlesAlerts: true, hasTouchScreen: false, javascriptEnabled: true, locationContextEnabled: true, mobileEmulationEnabled: false, nativeEvents: true, networkConnectionEnabled: false, pageLoadStrategy: normal, platform: XP, platformName: XP, rotatable: false, setWindowRect: true, takesHeapSnapshot: true, takesScreenshot: true, unexpectedAlertBehaviour: , unhandledPromptBehavior: , version: 68.0.3440.106, webStorageEnabled: true}
Session ID: 332f49b2863a8959ac1390d5c57a5fb3)

2018-08-28 10:01:29 - [TEST_STEP][FAILED] - callTestCase: Unable to call Test Case with id 'Test Cases/BEP/Create_Approve_Reject/Create_BEP_EmailOutput' (Root cause: Call Test Case 'Test Cases/BEP/Create_Approve_Reject/Create_BEP_EmailOutput' failed)

2018-08-28 10:01:30 - [TEST_CASE][FAILED] - Test Cases/BEP/Create_Approve_Reject/Create_BEP_EmailOutput: Test Cases/BEP/Create_Approve_Reject/Create_BEP_EmailOutput FAILED because (of) Unable to select option by value 'hendj@pegasystems.com' of object 'Object Repository/ECR/EngInfo/PL'  (Root cause: org.openqa.selenium.WebDriverException: chrome not reachable
  (Session info: chrome=68.0.3440.106)
  (Driver info: chromedriver=2.37.543627 (63642262d9fb93fb4ab52398be4286d844092a5e),platform=Windows NT 10.0.16299 x86_64) (WARNING: The server did not provide any stacktrace information)
Command duration or timeout: 0 milliseconds
Build info: version: '3.7.1', revision: '8a0099a', time: '2017-11-06T21:07:36.161Z'
System info: host: 'L23967WIN', ip: '10.150.105.60', os.name: 'Windows 10', os.arch: 'amd64', os.version: '10.0', java.version: '1.8.0_102'
Driver info: com.kms.katalon.selenium.driver.CChromeDriver
Capabilities {acceptInsecureCerts: false, acceptSslCerts: false, applicationCacheEnabled: false, browserConnectionEnabled: false, browserName: chrome, chrome: {chromedriverVersion: 2.37.543627 (63642262d9fb93..., userDataDir: C:\Users\ranjs1\AppData\Loc...}, cssSelectorsEnabled: true, databaseEnabled: false, handlesAlerts: true, hasTouchScreen: false, javascriptEnabled: true, locationContextEnabled: true, mobileEmulationEnabled: false, nativeEvents: true, networkConnectionEnabled: false, pageLoadStrategy: normal, platform: XP, platformName: XP, rotatable: false, setWindowRect: true, takesHeapSnapshot: true, takesScreenshot: true, unexpectedAlertBehaviour: , unhandledPromptBehavior: , version: 68.0.3440.106, webStorageEnabled: true}
Session ID: 332f49b2863a8959ac1390d5c57a5fb3)

2018-08-28 10:01:30 - [TEST_STEP][PASSED] - com.da.commonutilities.login: com.da.commonutilities.login is PASSED

2018-08-28 10:01:40 - [MESSAGE][PASSED] - Browser is opened with url: ''

2018-08-28 10:01:45 - [MESSAGE][PASSED] - Navigate to 'https://vdaqa.rpega.com:9030/daqa/PRServlet' successfully

2018-08-28 10:01:58 - [MESSAGE][PASSED] - Text 'hendj@pegasystems.com' is set on object 'Object Repository/Generic/input_UserIdentifier'

2018-08-28 10:02:10 - [MESSAGE][PASSED] - Text 'install' is set on object 'Object Repository/Generic/input_Password'

2018-08-28 10:02:19 - [MESSAGE][PASSED] - Keys 'ENTER + ' sent to object: 'Object Repository/Generic/input_Password'

2018-08-28 10:02:19 - [MESSAGE][PASSED] - com.da.commonutilities.login is PASSED

2018-08-28 10:02:19 - [TEST_STEP][FAILED] - com.da.BEP.Estimate: Unable to select option by value 'hendj@pegasystems.com' of object 'Object Repository/ECR/EngInfo/PL'  (Root cause: org.openqa.selenium.WebDriverException: chrome not reachable
  (Session info: chrome=68.0.3440.106)
  (Driver info: chromedriver=2.37.543627 (63642262d9fb93fb4ab52398be4286d844092a5e),platform=Windows NT 10.0.16299 x86_64) (WARNING: The server did not provide any stacktrace information)
Command duration or timeout: 0 milliseconds
Build info: version: '3.7.1', revision: '8a0099a', time: '2017-11-06T21:07:36.161Z'
System info: host: 'L23967WIN', ip: '10.150.105.60', os.name: 'Windows 10', os.arch: 'amd64', os.version: '10.0', java.version: '1.8.0_102'
Driver info: com.kms.katalon.selenium.driver.CChromeDriver
Capabilities {acceptInsecureCerts: false, acceptSslCerts: false, applicationCacheEnabled: false, browserConnectionEnabled: false, browserName: chrome, chrome: {chromedriverVersion: 2.37.543627 (63642262d9fb93..., userDataDir: C:\Users\ranjs1\AppData\Loc...}, cssSelectorsEnabled: true, databaseEnabled: false, handlesAlerts: true, hasTouchScreen: false, javascriptEnabled: true, locationContextEnabled: true, mobileEmulationEnabled: false, nativeEvents: true, networkConnectionEnabled: false, pageLoadStrategy: normal, platform: XP, platformName: XP, rotatable: false, setWindowRect: true, takesHeapSnapshot: true, takesScreenshot: true, unexpectedAlertBehaviour: , unhandledPromptBehavior: , version: 68.0.3440.106, webStorageEnabled: true}
Session ID: 332f49b2863a8959ac1390d5c57a5fb3)

2018-08-28 10:02:24 - [MESSAGE][PASSED] - Current window maximized

2018-08-28 10:02:26 - [MESSAGE][PASSED] - Delayed 2 second(s)

2018-08-28 10:02:32 - [MESSAGE][PASSED] - Object: 'Object Repository/Generic/New' is clicked on

2018-08-28 10:02:36 - [MESSAGE][PASSED] - Delayed 4 second(s)

2018-08-28 10:02:42 - [MESSAGE][PASSED] - Object: 'Object Repository/BEP/Generic/EstimateLink' is clicked on

2018-08-28 10:02:46 - [MESSAGE][PASSED] - Delayed 4 second(s)

2018-08-28 10:02:53 - [MESSAGE][PASSED] - Object: 'Object Repository/ECR/Generic/WOTAB' is clicked on

2018-08-28 10:02:56 - [MESSAGE][PASSED] - Wait for page load successfully

2018-08-28 10:03:07 - [MESSAGE][PASSED] - Delayed 5 second(s)

2018-08-28 10:03:41 - [MESSAGE][WARNING] - Object 'Object Repository/BEP/Generic/import' is not visible after 30 second(s)

2018-08-28 10:03:52 - [MESSAGE][PASSED] - Delayed 5 second(s)

2018-08-28 10:03:58 - [MESSAGE][PASSED] - File 'C:\Users\ranjs1\git\DAKatUIRegressionVer2\Data Files\BEP\Estimate.xlsm' sent to object: 'Object Repository/Generic/FilePath'

2018-08-28 10:04:03 - [MESSAGE][PASSED] - Delayed 5 second(s)

2018-08-28 10:04:10 - [MESSAGE][PASSED] - Object: 'Object Repository/Generic/button_Submit' is clicked on

2018-08-28 10:04:20 - [MESSAGE][PASSED] - Delayed 10 second(s)

2018-08-28 10:04:32 - [MESSAGE][PASSED] - Text 'BOFA' is set on object 'Object Repository/Generic/ORG'

2018-08-28 10:04:39 - [MESSAGE][PASSED] - Delayed 7 second(s)

2018-08-28 10:04:45 - [MESSAGE][PASSED] - Keys 'TAB + ' sent to object: 'Object Repository/Generic/ORG'

2018-08-28 10:04:52 - [MESSAGE][PASSED] - Delayed 7 second(s)

2018-08-28 10:05:05 - [MESSAGE][PASSED] - Text 'BOFA' is set on object 'Object Repository/Generic/ACC'

2018-08-28 10:05:12 - [MESSAGE][PASSED] - Delayed 7 second(s)

2018-08-28 10:05:18 - [MESSAGE][PASSED] - Keys 'TAB + ' sent to object: 'Object Repository/Generic/ACC'

2018-08-28 10:05:23 - [MESSAGE][PASSED] - Delayed 5 second(s)

2018-08-28 10:05:30 - [MESSAGE][PASSED] - Text 'The engagement you entered doesn't match' is present on page 

2018-08-28 10:05:42 - [MESSAGE][PASSED] - Text 'AUTOTEST1' is set on object 'Object Repository/Generic/ENG_DESC'

2018-08-28 10:05:47 - [MESSAGE][PASSED] - Delayed 5 second(s)

2018-08-28 10:05:59 - [MESSAGE][PASSED] - Delayed 5 second(s)

2018-08-28 10:06:23 - [MESSAGE][PASSED] - All options with value 'PRD-409' are selected in object 'Object Repository/Generic/PlatformID' 

2018-08-28 10:06:28 - [MESSAGE][PASSED] - Delayed 5 second(s)

2018-08-28 10:06:52 - [MESSAGE][PASSED] - All options with value 'RLS-3176' are selected in object 'Object Repository/Generic/PlatformVersion' 

2018-08-28 10:06:57 - [MESSAGE][PASSED] - Delayed 5 second(s)

2018-08-28 10:07:04 - [MESSAGE][PASSED] - Object: 'Object Repository/Generic/PlatformTrue' is clicked on

2018-08-28 10:07:09 - [MESSAGE][PASSED] - Delayed 5 second(s)

2018-08-28 10:07:41 - [MESSAGE][WARNING] - Cannot take screenshot

2018-08-28 10:07:41 - [MESSAGE][FAILED] - Unable to select option by value 'hendj@pegasystems.com' of object 'Object Repository/ECR/EngInfo/PL'  (Root cause: org.openqa.selenium.WebDriverException: chrome not reachable
  (Session info: chrome=68.0.3440.106)
  (Driver info: chromedriver=2.37.543627 (63642262d9fb93fb4ab52398be4286d844092a5e),platform=Windows NT 10.0.16299 x86_64) (WARNING: The server did not provide any stacktrace information)
Command duration or timeout: 0 milliseconds
Build info: version: '3.7.1', revision: '8a0099a', time: '2017-11-06T21:07:36.161Z'
System info: host: 'L23967WIN', ip: '10.150.105.60', os.name: 'Windows 10', os.arch: 'amd64', os.version: '10.0', java.version: '1.8.0_102'
Driver info: com.kms.katalon.selenium.driver.CChromeDriver
Capabilities {acceptInsecureCerts: false, acceptSslCerts: false, applicationCacheEnabled: false, browserConnectionEnabled: false, browserName: chrome, chrome: {chromedriverVersion: 2.37.543627 (63642262d9fb93..., userDataDir: C:\Users\ranjs1\AppData\Loc...}, cssSelectorsEnabled: true, databaseEnabled: false, handlesAlerts: true, hasTouchScreen: false, javascriptEnabled: true, locationContextEnabled: true, mobileEmulationEnabled: false, nativeEvents: true, networkConnectionEnabled: false, pageLoadStrategy: normal, platform: XP, platformName: XP, rotatable: false, setWindowRect: true, takesHeapSnapshot: true, takesScreenshot: true, unexpectedAlertBehaviour: , unhandledPromptBehavior: , version: 68.0.3440.106, webStorageEnabled: true}
Session ID: 332f49b2863a8959ac1390d5c57a5fb3)

2018-08-28 10:07:41 - [MESSAGE][FAILED] - Unable to select option by value 'hendj@pegasystems.com' of object 'Object Repository/ECR/EngInfo/PL'  (Root cause: org.openqa.selenium.WebDriverException: chrome not reachable
  (Session info: chrome=68.0.3440.106)
  (Driver info: chromedriver=2.37.543627 (63642262d9fb93fb4ab52398be4286d844092a5e),platform=Windows NT 10.0.16299 x86_64) (WARNING: The server did not provide any stacktrace information)
Command duration or timeout: 0 milliseconds
Build info: version: '3.7.1', revision: '8a0099a', time: '2017-11-06T21:07:36.161Z'
System info: host: 'L23967WIN', ip: '10.150.105.60', os.name: 'Windows 10', os.arch: 'amd64', os.version: '10.0', java.version: '1.8.0_102'
Driver info: com.kms.katalon.selenium.driver.CChromeDriver
Capabilities {acceptInsecureCerts: false, acceptSslCerts: false, applicationCacheEnabled: false, browserConnectionEnabled: false, browserName: chrome, chrome: {chromedriverVersion: 2.37.543627 (63642262d9fb93..., userDataDir: C:\Users\ranjs1\AppData\Loc...}, cssSelectorsEnabled: true, databaseEnabled: false, handlesAlerts: true, hasTouchScreen: false, javascriptEnabled: true, locationContextEnabled: true, mobileEmulationEnabled: false, nativeEvents: true, networkConnectionEnabled: false, pageLoadStrategy: normal, platform: XP, platformName: XP, rotatable: false, setWindowRect: true, takesHeapSnapshot: true, takesScreenshot: true, unexpectedAlertBehaviour: , unhandledPromptBehavior: , version: 68.0.3440.106, webStorageEnabled: true}
Session ID: 332f49b2863a8959ac1390d5c57a5fb3)

2018-08-28 10:07:41 - [MESSAGE][FAILED] - Unable to call Test Case with id 'Test Cases/BEP/Create_Approve_Reject/Create_BEP_EmailOutput' (Root cause: Call Test Case 'Test Cases/BEP/Create_Approve_Reject/Create_BEP_EmailOutput' failed)]]></system-out>
         <system-err><![CDATA[2018-08-28 10:01:29 - [TEST_CASE][FAILED] - Test Cases/BEP/TestCases/TC_CreateBEP_EmailOutput_SendEmail_CreateECR: Test Cases/BEP/TestCases/TC_CreateBEP_EmailOutput_SendEmail_CreateECR FAILED because (of) Unable to select option by value 'hendj@pegasystems.com' of object 'Object Repository/ECR/EngInfo/PL'  (Root cause: org.openqa.selenium.WebDriverException: chrome not reachable
  (Session info: chrome=68.0.3440.106)
  (Driver info: chromedriver=2.37.543627 (63642262d9fb93fb4ab52398be4286d844092a5e),platform=Windows NT 10.0.16299 x86_64) (WARNING: The server did not provide any stacktrace information)
Command duration or timeout: 0 milliseconds
Build info: version: '3.7.1', revision: '8a0099a', time: '2017-11-06T21:07:36.161Z'
System info: host: 'L23967WIN', ip: '10.150.105.60', os.name: 'Windows 10', os.arch: 'amd64', os.version: '10.0', java.version: '1.8.0_102'
Driver info: com.kms.katalon.selenium.driver.CChromeDriver
Capabilities {acceptInsecureCerts: false, acceptSslCerts: false, applicationCacheEnabled: false, browserConnectionEnabled: false, browserName: chrome, chrome: {chromedriverVersion: 2.37.543627 (63642262d9fb93..., userDataDir: C:\Users\ranjs1\AppData\Loc...}, cssSelectorsEnabled: true, databaseEnabled: false, handlesAlerts: true, hasTouchScreen: false, javascriptEnabled: true, locationContextEnabled: true, mobileEmulationEnabled: false, nativeEvents: true, networkConnectionEnabled: false, pageLoadStrategy: normal, platform: XP, platformName: XP, rotatable: false, setWindowRect: true, takesHeapSnapshot: true, takesScreenshot: true, unexpectedAlertBehaviour: , unhandledPromptBehavior: , version: 68.0.3440.106, webStorageEnabled: true}
Session ID: 332f49b2863a8959ac1390d5c57a5fb3)]]></system-err>
      </testcase>
      <system-out><![CDATA[2018-08-28 10:01:28 - [TEST_SUITE][FAILED] - Estimate: Test Cases/BEP/TestCases/TC_CreateBEP_EmailOutput_SendEmail_CreateECR FAILED because (of) Unable to select option by value 'hendj@pegasystems.com' of object 'Object Repository/ECR/EngInfo/PL'  (Root cause: org.openqa.selenium.WebDriverException: chrome not reachable
  (Session info: chrome=68.0.3440.106)
  (Driver info: chromedriver=2.37.543627 (63642262d9fb93fb4ab52398be4286d844092a5e),platform=Windows NT 10.0.16299 x86_64) (WARNING: The server did not provide any stacktrace information)
Command duration or timeout: 0 milliseconds
Build info: version: '3.7.1', revision: '8a0099a', time: '2017-11-06T21:07:36.161Z'
System info: host: 'L23967WIN', ip: '10.150.105.60', os.name: 'Windows 10', os.arch: 'amd64', os.version: '10.0', java.version: '1.8.0_102'
Driver info: com.kms.katalon.selenium.driver.CChromeDriver
Capabilities {acceptInsecureCerts: false, acceptSslCerts: false, applicationCacheEnabled: false, browserConnectionEnabled: false, browserName: chrome, chrome: {chromedriverVersion: 2.37.543627 (63642262d9fb93..., userDataDir: C:\Users\ranjs1\AppData\Loc...}, cssSelectorsEnabled: true, databaseEnabled: false, handlesAlerts: true, hasTouchScreen: false, javascriptEnabled: true, locationContextEnabled: true, mobileEmulationEnabled: false, nativeEvents: true, networkConnectionEnabled: false, pageLoadStrategy: normal, platform: XP, platformName: XP, rotatable: false, setWindowRect: true, takesHeapSnapshot: true, takesScreenshot: true, unexpectedAlertBehaviour: , unhandledPromptBehavior: , version: 68.0.3440.106, webStorageEnabled: true}
Session ID: 332f49b2863a8959ac1390d5c57a5fb3)]]></system-out>
      <system-err><![CDATA[2018-08-28 10:01:28 - [TEST_SUITE][FAILED] - Estimate: Test Cases/BEP/TestCases/TC_CreateBEP_EmailOutput_SendEmail_CreateECR FAILED because (of) Unable to select option by value 'hendj@pegasystems.com' of object 'Object Repository/ECR/EngInfo/PL'  (Root cause: org.openqa.selenium.WebDriverException: chrome not reachable
  (Session info: chrome=68.0.3440.106)
  (Driver info: chromedriver=2.37.543627 (63642262d9fb93fb4ab52398be4286d844092a5e),platform=Windows NT 10.0.16299 x86_64) (WARNING: The server did not provide any stacktrace information)
Command duration or timeout: 0 milliseconds
Build info: version: '3.7.1', revision: '8a0099a', time: '2017-11-06T21:07:36.161Z'
System info: host: 'L23967WIN', ip: '10.150.105.60', os.name: 'Windows 10', os.arch: 'amd64', os.version: '10.0', java.version: '1.8.0_102'
Driver info: com.kms.katalon.selenium.driver.CChromeDriver
Capabilities {acceptInsecureCerts: false, acceptSslCerts: false, applicationCacheEnabled: false, browserConnectionEnabled: false, browserName: chrome, chrome: {chromedriverVersion: 2.37.543627 (63642262d9fb93..., userDataDir: C:\Users\ranjs1\AppData\Loc...}, cssSelectorsEnabled: true, databaseEnabled: false, handlesAlerts: true, hasTouchScreen: false, javascriptEnabled: true, locationContextEnabled: true, mobileEmulationEnabled: false, nativeEvents: true, networkConnectionEnabled: false, pageLoadStrategy: normal, platform: XP, platformName: XP, rotatable: false, setWindowRect: true, takesHeapSnapshot: true, takesScreenshot: true, unexpectedAlertBehaviour: , unhandledPromptBehavior: , version: 68.0.3440.106, webStorageEnabled: true}
Session ID: 332f49b2863a8959ac1390d5c57a5fb3)]]></system-err>
   </testsuite>
</testsuites>
